{"C:\\Users\\yuzo\\Downloads\\tst\\a\\testes-backend-III-exercicios\\src\\business\\ProductBusiness.ts": {"path":"C:\\Users\\yuzo\\Downloads\\tst\\a\\testes-backend-III-exercicios\\src\\business\\ProductBusiness.ts","statementMap":{"0":{"start":{"line":4,"column":0},"end":{"line":4,"column":59}},"1":{"start":{"line":5,"column":0},"end":{"line":5,"column":43}},"2":{"start":{"line":6,"column":0},"end":{"line":6,"column":43}},"3":{"start":{"line":12,"column":12},"end":{"line":12,"column":44}},"4":{"start":{"line":13,"column":12},"end":{"line":13,"column":36}},"5":{"start":{"line":14,"column":12},"end":{"line":14,"column":38}},"6":{"start":{"line":17,"column":9},"end":{"line":44,"column":null}},"7":{"start":{"line":19,"column":37},"end":{"line":44,"column":null}},"8":{"start":{"line":20,"column":25},"end":{"line":20,"column":30}},"9":{"start":{"line":22,"column":20},"end":{"line":22,"column":55}},"10":{"start":{"line":24,"column":4},"end":{"line":26,"column":null}},"11":{"start":{"line":25,"column":8},"end":{"line":25,"column":null}},"12":{"start":{"line":28,"column":23},"end":{"line":28,"column":65}},"13":{"start":{"line":30,"column":21},"end":{"line":39,"column":6}},"14":{"start":{"line":31,"column":22},"end":{"line":35,"column":null}},"15":{"start":{"line":38,"column":6},"end":{"line":38,"column":null}},"16":{"start":{"line":41,"column":41},"end":{"line":41,"column":49}},"17":{"start":{"line":43,"column":4},"end":{"line":43,"column":null}},"18":{"start":{"line":46,"column":9},"end":{"line":83,"column":null}},"19":{"start":{"line":48,"column":39},"end":{"line":83,"column":null}},"20":{"start":{"line":49,"column":35},"end":{"line":49,"column":40}},"21":{"start":{"line":51,"column":20},"end":{"line":51,"column":55}},"22":{"start":{"line":53,"column":4},"end":{"line":55,"column":null}},"23":{"start":{"line":54,"column":8},"end":{"line":54,"column":null}},"24":{"start":{"line":57,"column":4},"end":{"line":59,"column":null}},"25":{"start":{"line":58,"column":6},"end":{"line":58,"column":null}},"26":{"start":{"line":61,"column":4},"end":{"line":63,"column":null}},"27":{"start":{"line":62,"column":6},"end":{"line":62,"column":null}},"28":{"start":{"line":65,"column":15},"end":{"line":65,"column":42}},"29":{"start":{"line":67,"column":23},"end":{"line":71,"column":null}},"30":{"start":{"line":74,"column":25},"end":{"line":74,"column":47}},"31":{"start":{"line":75,"column":4},"end":{"line":75,"column":null}},"32":{"start":{"line":77,"column":43},"end":{"line":80,"column":null}},"33":{"start":{"line":82,"column":4},"end":{"line":82,"column":null}},"34":{"start":{"line":10,"column":0},"end":{"line":10,"column":13}}},"fnMap":{"0":{"name":"(anonymous_7)","decl":{"start":{"line":11,"column":2},"end":{"line":11,"column":null}},"loc":{"start":{"line":14,"column":38},"end":{"line":15,"column":7}}},"1":{"name":"(anonymous_8)","decl":{"start":{"line":17,"column":23},"end":{"line":17,"column":null}},"loc":{"start":{"line":19,"column":37},"end":{"line":44,"column":null}}},"2":{"name":"(anonymous_9)","decl":{"start":{"line":19,"column":37},"end":{"line":19,"column":null}},"loc":{"start":{"line":19,"column":37},"end":{"line":44,"column":3}}},"3":{"name":"(anonymous_10)","decl":{"start":{"line":30,"column":36},"end":{"line":30,"column":37}},"loc":{"start":{"line":30,"column":50},"end":{"line":39,"column":5}}},"4":{"name":"(anonymous_11)","decl":{"start":{"line":46,"column":25},"end":{"line":46,"column":null}},"loc":{"start":{"line":48,"column":39},"end":{"line":83,"column":null}}},"5":{"name":"(anonymous_12)","decl":{"start":{"line":48,"column":39},"end":{"line":48,"column":null}},"loc":{"start":{"line":48,"column":39},"end":{"line":83,"column":3}}}},"branchMap":{"0":{"loc":{"start":{"line":24,"column":4},"end":{"line":26,"column":null}},"type":"if","locations":[{"start":{"line":24,"column":4},"end":{"line":26,"column":null}}]},"1":{"loc":{"start":{"line":53,"column":4},"end":{"line":55,"column":null}},"type":"if","locations":[{"start":{"line":53,"column":4},"end":{"line":55,"column":null}}]},"2":{"loc":{"start":{"line":57,"column":4},"end":{"line":59,"column":null}},"type":"if","locations":[{"start":{"line":57,"column":4},"end":{"line":59,"column":null}}]},"3":{"loc":{"start":{"line":61,"column":4},"end":{"line":63,"column":null}},"type":"if","locations":[{"start":{"line":61,"column":4},"end":{"line":63,"column":null}}]}},"s":{"0":1,"1":1,"2":1,"3":1,"4":1,"5":1,"6":1,"7":0,"8":0,"9":0,"10":0,"11":0,"12":0,"13":0,"14":0,"15":0,"16":0,"17":0,"18":1,"19":0,"20":0,"21":0,"22":0,"23":0,"24":0,"25":0,"26":0,"27":0,"28":0,"29":0,"30":0,"31":0,"32":0,"33":0,"34":1},"f":{"0":1,"1":0,"2":0,"3":0,"4":0,"5":0},"b":{"0":[0],"1":[0],"2":[0],"3":[0]}}
,"C:\\Users\\yuzo\\Downloads\\tst\\a\\testes-backend-III-exercicios\\src\\business\\UserBusiness.ts": {"path":"C:\\Users\\yuzo\\Downloads\\tst\\a\\testes-backend-III-exercicios\\src\\business\\UserBusiness.ts","statementMap":{"0":{"start":{"line":5,"column":0},"end":{"line":5,"column":59}},"1":{"start":{"line":6,"column":0},"end":{"line":6,"column":55}},"2":{"start":{"line":7,"column":0},"end":{"line":7,"column":63}},"3":{"start":{"line":14,"column":12},"end":{"line":14,"column":38}},"4":{"start":{"line":15,"column":12},"end":{"line":15,"column":36}},"5":{"start":{"line":16,"column":12},"end":{"line":16,"column":38}},"6":{"start":{"line":17,"column":12},"end":{"line":17,"column":36}},"7":{"start":{"line":20,"column":9},"end":{"line":53,"column":null}},"8":{"start":{"line":22,"column":34},"end":{"line":53,"column":null}},"9":{"start":{"line":23,"column":25},"end":{"line":23,"column":30}},"10":{"start":{"line":25,"column":20},"end":{"line":25,"column":55}},"11":{"start":{"line":27,"column":4},"end":{"line":29,"column":null}},"12":{"start":{"line":28,"column":8},"end":{"line":28,"column":null}},"13":{"start":{"line":31,"column":4},"end":{"line":33,"column":null}},"14":{"start":{"line":32,"column":6},"end":{"line":32,"column":null}},"15":{"start":{"line":35,"column":20},"end":{"line":35,"column":56}},"16":{"start":{"line":37,"column":18},"end":{"line":48,"column":6}},"17":{"start":{"line":38,"column":19},"end":{"line":44,"column":null}},"18":{"start":{"line":47,"column":6},"end":{"line":47,"column":null}},"19":{"start":{"line":50,"column":38},"end":{"line":50,"column":43}},"20":{"start":{"line":52,"column":4},"end":{"line":52,"column":null}},"21":{"start":{"line":55,"column":9},"end":{"line":89,"column":null}},"22":{"start":{"line":57,"column":32},"end":{"line":89,"column":null}},"23":{"start":{"line":58,"column":38},"end":{"line":58,"column":43}},"24":{"start":{"line":60,"column":15},"end":{"line":60,"column":42}},"25":{"start":{"line":61,"column":27},"end":{"line":61,"column":64}},"26":{"start":{"line":63,"column":20},"end":{"line":69,"column":null}},"27":{"start":{"line":72,"column":22},"end":{"line":72,"column":41}},"28":{"start":{"line":73,"column":4},"end":{"line":73,"column":null}},"29":{"start":{"line":75,"column":39},"end":{"line":79,"column":null}},"30":{"start":{"line":81,"column":18},"end":{"line":81,"column":61}},"31":{"start":{"line":83,"column":36},"end":{"line":86,"column":null}},"32":{"start":{"line":88,"column":4},"end":{"line":88,"column":null}},"33":{"start":{"line":91,"column":9},"end":{"line":133,"column":null}},"34":{"start":{"line":93,"column":31},"end":{"line":133,"column":null}},"35":{"start":{"line":94,"column":32},"end":{"line":94,"column":37}},"36":{"start":{"line":96,"column":19},"end":{"line":96,"column":65}},"37":{"start":{"line":98,"column":4},"end":{"line":100,"column":null}},"38":{"start":{"line":99,"column":6},"end":{"line":99,"column":null}},"39":{"start":{"line":102,"column":27},"end":{"line":102,"column":42}},"40":{"start":{"line":104,"column":30},"end":{"line":104,"column":86}},"41":{"start":{"line":106,"column":4},"end":{"line":108,"column":null}},"42":{"start":{"line":107,"column":6},"end":{"line":107,"column":null}},"43":{"start":{"line":110,"column":17},"end":{"line":116,"column":null}},"44":{"start":{"line":119,"column":39},"end":{"line":123,"column":null}},"45":{"start":{"line":125,"column":18},"end":{"line":125,"column":61}},"46":{"start":{"line":127,"column":35},"end":{"line":130,"column":null}},"47":{"start":{"line":132,"column":4},"end":{"line":132,"column":null}},"48":{"start":{"line":12,"column":0},"end":{"line":12,"column":13}}},"fnMap":{"0":{"name":"(anonymous_7)","decl":{"start":{"line":13,"column":2},"end":{"line":13,"column":null}},"loc":{"start":{"line":17,"column":36},"end":{"line":18,"column":7}}},"1":{"name":"(anonymous_8)","decl":{"start":{"line":20,"column":20},"end":{"line":20,"column":null}},"loc":{"start":{"line":22,"column":34},"end":{"line":53,"column":null}}},"2":{"name":"(anonymous_9)","decl":{"start":{"line":22,"column":34},"end":{"line":22,"column":null}},"loc":{"start":{"line":22,"column":34},"end":{"line":53,"column":3}}},"3":{"name":"(anonymous_10)","decl":{"start":{"line":37,"column":30},"end":{"line":37,"column":31}},"loc":{"start":{"line":37,"column":41},"end":{"line":48,"column":5}}},"4":{"name":"(anonymous_11)","decl":{"start":{"line":55,"column":18},"end":{"line":55,"column":null}},"loc":{"start":{"line":57,"column":32},"end":{"line":89,"column":null}}},"5":{"name":"(anonymous_12)","decl":{"start":{"line":57,"column":32},"end":{"line":57,"column":null}},"loc":{"start":{"line":57,"column":32},"end":{"line":89,"column":3}}},"6":{"name":"(anonymous_13)","decl":{"start":{"line":91,"column":17},"end":{"line":91,"column":null}},"loc":{"start":{"line":93,"column":31},"end":{"line":133,"column":null}}},"7":{"name":"(anonymous_14)","decl":{"start":{"line":93,"column":31},"end":{"line":93,"column":null}},"loc":{"start":{"line":93,"column":31},"end":{"line":133,"column":3}}}},"branchMap":{"0":{"loc":{"start":{"line":27,"column":4},"end":{"line":29,"column":null}},"type":"if","locations":[{"start":{"line":27,"column":4},"end":{"line":29,"column":null}}]},"1":{"loc":{"start":{"line":31,"column":4},"end":{"line":33,"column":null}},"type":"if","locations":[{"start":{"line":31,"column":4},"end":{"line":33,"column":null}}]},"2":{"loc":{"start":{"line":98,"column":4},"end":{"line":100,"column":null}},"type":"if","locations":[{"start":{"line":98,"column":4},"end":{"line":100,"column":null}}]},"3":{"loc":{"start":{"line":106,"column":4},"end":{"line":108,"column":null}},"type":"if","locations":[{"start":{"line":106,"column":4},"end":{"line":108,"column":null}}]}},"s":{"0":3,"1":3,"2":3,"3":3,"4":3,"5":3,"6":3,"7":3,"8":1,"9":1,"10":1,"11":1,"12":0,"13":1,"14":0,"15":1,"16":1,"17":2,"18":2,"19":1,"20":1,"21":3,"22":1,"23":1,"24":1,"25":1,"26":1,"27":1,"28":1,"29":1,"30":1,"31":1,"32":1,"33":3,"34":1,"35":1,"36":1,"37":1,"38":0,"39":1,"40":1,"41":1,"42":0,"43":1,"44":1,"45":1,"46":1,"47":1,"48":3},"f":{"0":3,"1":1,"2":1,"3":2,"4":1,"5":1,"6":1,"7":1},"b":{"0":[0],"1":[0],"2":[0],"3":[0]}}
,"C:\\Users\\yuzo\\Downloads\\tst\\a\\testes-backend-III-exercicios\\src\\database\\BaseDatabase.ts": {"path":"C:\\Users\\yuzo\\Downloads\\tst\\a\\testes-backend-III-exercicios\\src\\database\\BaseDatabase.ts","statementMap":{"0":{"start":{"line":1,"column":0},"end":{"line":1,"column":27}},"1":{"start":{"line":2,"column":0},"end":{"line":2,"column":27}},"2":{"start":{"line":4,"column":0},"end":{"line":4,"column":null}},"3":{"start":{"line":6,"column":0},"end":{"line":6,"column":22}},"4":{"start":{"line":7,"column":21},"end":{"line":20,"column":null}},"5":{"start":{"line":17,"column":16},"end":{"line":17,"column":null}}},"fnMap":{"0":{"name":"(anonymous_1)","decl":{"start":{"line":16,"column":25},"end":{"line":16,"column":26}},"loc":{"start":{"line":16,"column":48},"end":{"line":18,"column":13}}}},"branchMap":{},"s":{"0":4,"1":4,"2":4,"3":4,"4":4,"5":0},"f":{"0":0},"b":{}}
,"C:\\Users\\yuzo\\Downloads\\tst\\a\\testes-backend-III-exercicios\\src\\dtos\\user\\getUsers.dto.ts": {"path":"C:\\Users\\yuzo\\Downloads\\tst\\a\\testes-backend-III-exercicios\\src\\dtos\\user\\getUsers.dto.ts","statementMap":{"0":{"start":{"line":1,"column":0},"end":{"line":1,"column":19}},"1":{"start":{"line":11,"column":13},"end":{"line":14,"column":null}},"2":{"start":{"line":14,"column":21},"end":{"line":14,"column":45}}},"fnMap":{"0":{"name":"(anonymous_1)","decl":{"start":{"line":14,"column":13},"end":{"line":14,"column":17}},"loc":{"start":{"line":14,"column":21},"end":{"line":14,"column":45}}}},"branchMap":{},"s":{"0":1,"1":1,"2":1},"f":{"0":1},"b":{}}
,"C:\\Users\\yuzo\\Downloads\\tst\\a\\testes-backend-III-exercicios\\src\\dtos\\user\\login.dto.ts": {"path":"C:\\Users\\yuzo\\Downloads\\tst\\a\\testes-backend-III-exercicios\\src\\dtos\\user\\login.dto.ts","statementMap":{"0":{"start":{"line":1,"column":0},"end":{"line":1,"column":19}},"1":{"start":{"line":13,"column":13},"end":{"line":16,"column":null}},"2":{"start":{"line":16,"column":21},"end":{"line":16,"column":42}}},"fnMap":{"0":{"name":"(anonymous_1)","decl":{"start":{"line":16,"column":13},"end":{"line":16,"column":17}},"loc":{"start":{"line":16,"column":21},"end":{"line":16,"column":42}}}},"branchMap":{},"s":{"0":1,"1":1,"2":1},"f":{"0":1},"b":{}}
,"C:\\Users\\yuzo\\Downloads\\tst\\a\\testes-backend-III-exercicios\\src\\dtos\\user\\signup.dto.ts": {"path":"C:\\Users\\yuzo\\Downloads\\tst\\a\\testes-backend-III-exercicios\\src\\dtos\\user\\signup.dto.ts","statementMap":{"0":{"start":{"line":1,"column":0},"end":{"line":1,"column":19}},"1":{"start":{"line":14,"column":13},"end":{"line":18,"column":null}},"2":{"start":{"line":18,"column":21},"end":{"line":18,"column":43}}},"fnMap":{"0":{"name":"(anonymous_1)","decl":{"start":{"line":18,"column":13},"end":{"line":18,"column":17}},"loc":{"start":{"line":18,"column":21},"end":{"line":18,"column":43}}}},"branchMap":{},"s":{"0":1,"1":1,"2":1},"f":{"0":1},"b":{}}
,"C:\\Users\\yuzo\\Downloads\\tst\\a\\testes-backend-III-exercicios\\src\\errors\\BadRequestError.ts": {"path":"C:\\Users\\yuzo\\Downloads\\tst\\a\\testes-backend-III-exercicios\\src\\errors\\BadRequestError.ts","statementMap":{"0":{"start":{"line":1,"column":0},"end":{"line":1,"column":40}},"1":{"start":{"line":7,"column":8},"end":{"line":7,"column":null}},"2":{"start":{"line":3,"column":0},"end":{"line":3,"column":13}}},"fnMap":{},"branchMap":{"0":{"loc":{"start":{"line":5,"column":8},"end":{"line":5,"column":47}},"type":"default-arg","locations":[{"start":{"line":5,"column":26},"end":{"line":5,"column":47}}]}},"s":{"0":4,"1":0,"2":4},"f":{},"b":{"0":[0]}}
,"C:\\Users\\yuzo\\Downloads\\tst\\a\\testes-backend-III-exercicios\\src\\errors\\BaseError.ts": {"path":"C:\\Users\\yuzo\\Downloads\\tst\\a\\testes-backend-III-exercicios\\src\\errors\\BaseError.ts","statementMap":{"0":{"start":{"line":6,"column":8},"end":{"line":6,"column":null}},"1":{"start":{"line":3,"column":15},"end":{"line":3,"column":33}},"2":{"start":{"line":1,"column":0},"end":{"line":1,"column":22}}},"fnMap":{"0":{"name":"(anonymous_0)","decl":{"start":{"line":2,"column":4},"end":{"line":2,"column":null}},"loc":{"start":{"line":4,"column":23},"end":{"line":7,"column":5}}}},"branchMap":{},"s":{"0":0,"1":0,"2":4},"f":{"0":0},"b":{}}
,"C:\\Users\\yuzo\\Downloads\\tst\\a\\testes-backend-III-exercicios\\src\\errors\\NotFoundError.ts": {"path":"C:\\Users\\yuzo\\Downloads\\tst\\a\\testes-backend-III-exercicios\\src\\errors\\NotFoundError.ts","statementMap":{"0":{"start":{"line":1,"column":0},"end":{"line":1,"column":40}},"1":{"start":{"line":7,"column":8},"end":{"line":7,"column":null}},"2":{"start":{"line":3,"column":0},"end":{"line":3,"column":13}}},"fnMap":{},"branchMap":{"0":{"loc":{"start":{"line":5,"column":8},"end":{"line":5,"column":50}},"type":"default-arg","locations":[{"start":{"line":5,"column":26},"end":{"line":5,"column":50}}]}},"s":{"0":3,"1":0,"2":3},"f":{},"b":{"0":[0]}}
,"C:\\Users\\yuzo\\Downloads\\tst\\a\\testes-backend-III-exercicios\\src\\models\\Product.ts": {"path":"C:\\Users\\yuzo\\Downloads\\tst\\a\\testes-backend-III-exercicios\\src\\models\\Product.ts","statementMap":{"0":{"start":{"line":17,"column":16},"end":{"line":17,"column":26}},"1":{"start":{"line":18,"column":16},"end":{"line":18,"column":28}},"2":{"start":{"line":19,"column":16},"end":{"line":19,"column":29}},"3":{"start":{"line":20,"column":16},"end":{"line":20,"column":33}},"4":{"start":{"line":24,"column":8},"end":{"line":24,"column":null}},"5":{"start":{"line":28,"column":8},"end":{"line":28,"column":null}},"6":{"start":{"line":32,"column":8},"end":{"line":32,"column":null}},"7":{"start":{"line":36,"column":8},"end":{"line":36,"column":null}},"8":{"start":{"line":40,"column":8},"end":{"line":40,"column":null}},"9":{"start":{"line":44,"column":8},"end":{"line":44,"column":null}},"10":{"start":{"line":48,"column":8},"end":{"line":48,"column":null}},"11":{"start":{"line":52,"column":8},"end":{"line":52,"column":null}},"12":{"start":{"line":56,"column":8},"end":{"line":61,"column":null}},"13":{"start":{"line":65,"column":8},"end":{"line":70,"column":null}},"14":{"start":{"line":15,"column":0},"end":{"line":15,"column":13}}},"fnMap":{"0":{"name":"(anonymous_0)","decl":{"start":{"line":16,"column":4},"end":{"line":16,"column":null}},"loc":{"start":{"line":20,"column":33},"end":{"line":21,"column":8}}},"1":{"name":"(anonymous_1)","decl":{"start":{"line":23,"column":11},"end":{"line":23,"column":16}},"loc":{"start":{"line":23,"column":16},"end":{"line":25,"column":5}}},"2":{"name":"(anonymous_2)","decl":{"start":{"line":27,"column":11},"end":{"line":27,"column":16}},"loc":{"start":{"line":27,"column":30},"end":{"line":29,"column":5}}},"3":{"name":"(anonymous_3)","decl":{"start":{"line":31,"column":11},"end":{"line":31,"column":18}},"loc":{"start":{"line":31,"column":18},"end":{"line":33,"column":5}}},"4":{"name":"(anonymous_4)","decl":{"start":{"line":35,"column":11},"end":{"line":35,"column":18}},"loc":{"start":{"line":35,"column":32},"end":{"line":37,"column":5}}},"5":{"name":"(anonymous_5)","decl":{"start":{"line":39,"column":11},"end":{"line":39,"column":19}},"loc":{"start":{"line":39,"column":19},"end":{"line":41,"column":5}}},"6":{"name":"(anonymous_6)","decl":{"start":{"line":43,"column":11},"end":{"line":43,"column":19}},"loc":{"start":{"line":43,"column":33},"end":{"line":45,"column":5}}},"7":{"name":"(anonymous_7)","decl":{"start":{"line":47,"column":11},"end":{"line":47,"column":23}},"loc":{"start":{"line":47,"column":23},"end":{"line":49,"column":5}}},"8":{"name":"(anonymous_8)","decl":{"start":{"line":51,"column":11},"end":{"line":51,"column":23}},"loc":{"start":{"line":51,"column":37},"end":{"line":53,"column":5}}},"9":{"name":"(anonymous_9)","decl":{"start":{"line":55,"column":11},"end":{"line":55,"column":20}},"loc":{"start":{"line":55,"column":20},"end":{"line":62,"column":5}}},"10":{"name":"(anonymous_10)","decl":{"start":{"line":64,"column":11},"end":{"line":64,"column":26}},"loc":{"start":{"line":64,"column":26},"end":{"line":71,"column":5}}}},"branchMap":{},"s":{"0":0,"1":0,"2":0,"3":0,"4":0,"5":0,"6":0,"7":0,"8":0,"9":0,"10":0,"11":0,"12":0,"13":0,"14":1},"f":{"0":0,"1":0,"2":0,"3":0,"4":0,"5":0,"6":0,"7":0,"8":0,"9":0,"10":0},"b":{}}
,"C:\\Users\\yuzo\\Downloads\\tst\\a\\testes-backend-III-exercicios\\src\\models\\User.ts": {"path":"C:\\Users\\yuzo\\Downloads\\tst\\a\\testes-backend-III-exercicios\\src\\models\\User.ts","statementMap":{"0":{"start":{"line":1,"column":0},"end":{"line":1,"column":null}},"1":{"start":{"line":2,"column":2},"end":{"line":2,"column":null}},"2":{"start":{"line":3,"column":2},"end":{"line":3,"column":null}},"3":{"start":{"line":31,"column":16},"end":{"line":31,"column":26}},"4":{"start":{"line":32,"column":16},"end":{"line":32,"column":28}},"5":{"start":{"line":33,"column":16},"end":{"line":33,"column":29}},"6":{"start":{"line":34,"column":16},"end":{"line":34,"column":32}},"7":{"start":{"line":35,"column":16},"end":{"line":35,"column":32}},"8":{"start":{"line":36,"column":16},"end":{"line":36,"column":33}},"9":{"start":{"line":40,"column":8},"end":{"line":40,"column":null}},"10":{"start":{"line":44,"column":8},"end":{"line":44,"column":null}},"11":{"start":{"line":48,"column":8},"end":{"line":48,"column":null}},"12":{"start":{"line":52,"column":8},"end":{"line":52,"column":null}},"13":{"start":{"line":56,"column":8},"end":{"line":56,"column":null}},"14":{"start":{"line":60,"column":8},"end":{"line":60,"column":null}},"15":{"start":{"line":64,"column":8},"end":{"line":64,"column":null}},"16":{"start":{"line":68,"column":8},"end":{"line":68,"column":null}},"17":{"start":{"line":72,"column":8},"end":{"line":72,"column":null}},"18":{"start":{"line":76,"column":8},"end":{"line":76,"column":null}},"19":{"start":{"line":80,"column":8},"end":{"line":80,"column":null}},"20":{"start":{"line":84,"column":8},"end":{"line":84,"column":null}},"21":{"start":{"line":88,"column":8},"end":{"line":95,"column":null}},"22":{"start":{"line":99,"column":8},"end":{"line":105,"column":null}},"23":{"start":{"line":29,"column":0},"end":{"line":29,"column":13}}},"fnMap":{"0":{"name":"(anonymous_0)","decl":{"start":{"line":1,"column":0},"end":{"line":1,"column":12}},"loc":{"start":{"line":1,"column":22},"end":{"line":4,"column":1}}},"1":{"name":"(anonymous_1)","decl":{"start":{"line":30,"column":4},"end":{"line":30,"column":null}},"loc":{"start":{"line":36,"column":33},"end":{"line":37,"column":8}}},"2":{"name":"(anonymous_2)","decl":{"start":{"line":39,"column":11},"end":{"line":39,"column":16}},"loc":{"start":{"line":39,"column":16},"end":{"line":41,"column":5}}},"3":{"name":"(anonymous_3)","decl":{"start":{"line":43,"column":11},"end":{"line":43,"column":16}},"loc":{"start":{"line":43,"column":30},"end":{"line":45,"column":5}}},"4":{"name":"(anonymous_4)","decl":{"start":{"line":47,"column":11},"end":{"line":47,"column":18}},"loc":{"start":{"line":47,"column":18},"end":{"line":49,"column":5}}},"5":{"name":"(anonymous_5)","decl":{"start":{"line":51,"column":11},"end":{"line":51,"column":18}},"loc":{"start":{"line":51,"column":32},"end":{"line":53,"column":5}}},"6":{"name":"(anonymous_6)","decl":{"start":{"line":55,"column":11},"end":{"line":55,"column":19}},"loc":{"start":{"line":55,"column":19},"end":{"line":57,"column":5}}},"7":{"name":"(anonymous_7)","decl":{"start":{"line":59,"column":11},"end":{"line":59,"column":19}},"loc":{"start":{"line":59,"column":33},"end":{"line":61,"column":5}}},"8":{"name":"(anonymous_8)","decl":{"start":{"line":63,"column":11},"end":{"line":63,"column":22}},"loc":{"start":{"line":63,"column":22},"end":{"line":65,"column":5}}},"9":{"name":"(anonymous_9)","decl":{"start":{"line":67,"column":11},"end":{"line":67,"column":22}},"loc":{"start":{"line":67,"column":36},"end":{"line":69,"column":5}}},"10":{"name":"(anonymous_10)","decl":{"start":{"line":71,"column":11},"end":{"line":71,"column":18}},"loc":{"start":{"line":71,"column":18},"end":{"line":73,"column":5}}},"11":{"name":"(anonymous_11)","decl":{"start":{"line":75,"column":11},"end":{"line":75,"column":18}},"loc":{"start":{"line":75,"column":36},"end":{"line":77,"column":5}}},"12":{"name":"(anonymous_12)","decl":{"start":{"line":79,"column":11},"end":{"line":79,"column":23}},"loc":{"start":{"line":79,"column":23},"end":{"line":81,"column":5}}},"13":{"name":"(anonymous_13)","decl":{"start":{"line":83,"column":11},"end":{"line":83,"column":23}},"loc":{"start":{"line":83,"column":37},"end":{"line":85,"column":5}}},"14":{"name":"(anonymous_14)","decl":{"start":{"line":87,"column":11},"end":{"line":87,"column":20}},"loc":{"start":{"line":87,"column":20},"end":{"line":96,"column":5}}},"15":{"name":"(anonymous_15)","decl":{"start":{"line":98,"column":11},"end":{"line":98,"column":26}},"loc":{"start":{"line":98,"column":26},"end":{"line":106,"column":5}}}},"branchMap":{"0":{"loc":{"start":{"line":1,"column":12},"end":{"line":1,"column":null}},"type":"binary-expr","locations":[{"start":{"line":1,"column":12},"end":{"line":1,"column":22}},{"start":{"line":1,"column":12},"end":{"line":1,"column":null}}]}},"s":{"0":4,"1":4,"2":4,"3":4,"4":4,"5":4,"6":4,"7":4,"8":4,"9":2,"10":0,"11":2,"12":0,"13":0,"14":0,"15":0,"16":0,"17":2,"18":0,"19":0,"20":0,"21":1,"22":2,"23":4},"f":{"0":4,"1":4,"2":2,"3":0,"4":2,"5":0,"6":0,"7":0,"8":0,"9":0,"10":2,"11":0,"12":0,"13":0,"14":1,"15":2},"b":{"0":[4,4]}}
,"C:\\Users\\yuzo\\Downloads\\tst\\a\\testes-backend-III-exercicios\\tests\\mocks\\HashManagerMock.ts": {"path":"C:\\Users\\yuzo\\Downloads\\tst\\a\\testes-backend-III-exercicios\\tests\\mocks\\HashManagerMock.ts","statementMap":{"0":{"start":{"line":2,"column":11},"end":{"line":6,"column":null}},"1":{"start":{"line":4,"column":25},"end":{"line":6,"column":null}},"2":{"start":{"line":5,"column":6},"end":{"line":5,"column":null}},"3":{"start":{"line":8,"column":11},"end":{"line":22,"column":null}},"4":{"start":{"line":11,"column":26},"end":{"line":22,"column":null}},"5":{"start":{"line":12,"column":6},"end":{"line":21,"column":null}},"6":{"start":{"line":14,"column":10},"end":{"line":14,"column":null}},"7":{"start":{"line":17,"column":10},"end":{"line":17,"column":null}},"8":{"start":{"line":20,"column":10},"end":{"line":20,"column":null}},"9":{"start":{"line":1,"column":0},"end":{"line":1,"column":13}}},"fnMap":{"0":{"name":"(anonymous_7)","decl":{"start":{"line":1,"column":0},"end":{"line":1,"column":13}},"loc":{"start":{"line":1,"column":0},"end":{"line":23,"column":1}}},"1":{"name":"(anonymous_8)","decl":{"start":{"line":2,"column":18},"end":{"line":2,"column":null}},"loc":{"start":{"line":4,"column":25},"end":{"line":6,"column":null}}},"2":{"name":"(anonymous_9)","decl":{"start":{"line":4,"column":25},"end":{"line":4,"column":null}},"loc":{"start":{"line":4,"column":25},"end":{"line":6,"column":5}}},"3":{"name":"(anonymous_10)","decl":{"start":{"line":8,"column":21},"end":{"line":8,"column":null}},"loc":{"start":{"line":11,"column":26},"end":{"line":22,"column":null}}},"4":{"name":"(anonymous_11)","decl":{"start":{"line":11,"column":26},"end":{"line":11,"column":null}},"loc":{"start":{"line":11,"column":26},"end":{"line":22,"column":5}}}},"branchMap":{"0":{"loc":{"start":{"line":12,"column":6},"end":{"line":21,"column":null}},"type":"switch","locations":[{"start":{"line":13,"column":8},"end":{"line":14,"column":null}},{"start":{"line":16,"column":8},"end":{"line":17,"column":null}},{"start":{"line":19,"column":8},"end":{"line":20,"column":null}}]}},"s":{"0":3,"1":1,"2":1,"3":3,"4":1,"5":1,"6":1,"7":0,"8":0,"9":3},"f":{"0":3,"1":1,"2":1,"3":1,"4":1},"b":{"0":[1,0,0]}}
,"C:\\Users\\yuzo\\Downloads\\tst\\a\\testes-backend-III-exercicios\\tests\\mocks\\IdGeneratorMock.ts": {"path":"C:\\Users\\yuzo\\Downloads\\tst\\a\\testes-backend-III-exercicios\\tests\\mocks\\IdGeneratorMock.ts","statementMap":{"0":{"start":{"line":2,"column":11},"end":{"line":4,"column":null}},"1":{"start":{"line":3,"column":8},"end":{"line":3,"column":null}},"2":{"start":{"line":1,"column":0},"end":{"line":1,"column":13}}},"fnMap":{"0":{"name":"(anonymous_0)","decl":{"start":{"line":1,"column":0},"end":{"line":1,"column":13}},"loc":{"start":{"line":1,"column":0},"end":{"line":5,"column":1}}},"1":{"name":"(anonymous_1)","decl":{"start":{"line":2,"column":22},"end":{"line":2,"column":33}},"loc":{"start":{"line":2,"column":35},"end":{"line":4,"column":5}}}},"branchMap":{},"s":{"0":4,"1":1,"2":4},"f":{"0":4,"1":1},"b":{}}
,"C:\\Users\\yuzo\\Downloads\\tst\\a\\testes-backend-III-exercicios\\tests\\mocks\\ProductDatabaseMock.ts": {"path":"C:\\Users\\yuzo\\Downloads\\tst\\a\\testes-backend-III-exercicios\\tests\\mocks\\ProductDatabaseMock.ts","statementMap":{"0":{"start":{"line":2,"column":0},"end":{"line":2,"column":63}},"1":{"start":{"line":4,"column":34},"end":{"line":17,"column":null}},"2":{"start":{"line":25,"column":4},"end":{"line":32,"column":null}},"3":{"start":{"line":26,"column":6},"end":{"line":28,"column":null}},"4":{"start":{"line":27,"column":29},"end":{"line":28,"column":42}},"5":{"start":{"line":31,"column":6},"end":{"line":31,"column":null}},"6":{"start":{"line":38,"column":4},"end":{"line":38,"column":null}},"7":{"start":{"line":38,"column":42},"end":{"line":38,"column":59}},"8":{"start":{"line":19,"column":0},"end":{"line":19,"column":13}},"9":{"start":{"line":20,"column":16},"end":{"line":20,"column":null}}},"fnMap":{"0":{"name":"(anonymous_7)","decl":{"start":{"line":22,"column":15},"end":{"line":22,"column":27}},"loc":{"start":{"line":23,"column":25},"end":{"line":33,"column":null}}},"1":{"name":"(anonymous_9)","decl":{"start":{"line":27,"column":16},"end":{"line":27,"column":17}},"loc":{"start":{"line":27,"column":29},"end":{"line":28,"column":42}}},"2":{"name":"(anonymous_10)","decl":{"start":{"line":35,"column":15},"end":{"line":35,"column":30}},"loc":{"start":{"line":36,"column":14},"end":{"line":39,"column":null}}},"3":{"name":"(anonymous_12)","decl":{"start":{"line":38,"column":31},"end":{"line":38,"column":38}},"loc":{"start":{"line":38,"column":42},"end":{"line":38,"column":59}}},"4":{"name":"(anonymous_13)","decl":{"start":{"line":41,"column":15},"end":{"line":41,"column":28}},"loc":{"start":{"line":42,"column":27},"end":{"line":45,"column":null}}}},"branchMap":{"0":{"loc":{"start":{"line":25,"column":4},"end":{"line":32,"column":null}},"type":"if","locations":[{"start":{"line":25,"column":4},"end":{"line":32,"column":null}},{"start":{"line":30,"column":11},"end":{"line":32,"column":null}}]}},"s":{"0":1,"1":1,"2":0,"3":0,"4":0,"5":0,"6":0,"7":0,"8":1,"9":1},"f":{"0":0,"1":0,"2":0,"3":0,"4":0},"b":{"0":[0,0]}}
,"C:\\Users\\yuzo\\Downloads\\tst\\a\\testes-backend-III-exercicios\\tests\\mocks\\TokenManagerMock.ts": {"path":"C:\\Users\\yuzo\\Downloads\\tst\\a\\testes-backend-III-exercicios\\tests\\mocks\\TokenManagerMock.ts","statementMap":{"0":{"start":{"line":1,"column":0},"end":{"line":1,"column":64}},"1":{"start":{"line":4,"column":9},"end":{"line":17,"column":null}},"2":{"start":{"line":5,"column":4},"end":{"line":16,"column":null}},"3":{"start":{"line":7,"column":6},"end":{"line":7,"column":null}},"4":{"start":{"line":9,"column":11},"end":{"line":16,"column":null}},"5":{"start":{"line":11,"column":6},"end":{"line":11,"column":null}},"6":{"start":{"line":15,"column":6},"end":{"line":15,"column":null}},"7":{"start":{"line":19,"column":9},"end":{"line":37,"column":null}},"8":{"start":{"line":20,"column":4},"end":{"line":36,"column":null}},"9":{"start":{"line":21,"column":6},"end":{"line":25,"column":null}},"10":{"start":{"line":27,"column":11},"end":{"line":36,"column":null}},"11":{"start":{"line":28,"column":6},"end":{"line":32,"column":null}},"12":{"start":{"line":35,"column":6},"end":{"line":35,"column":null}},"13":{"start":{"line":3,"column":0},"end":{"line":3,"column":13}}},"fnMap":{"0":{"name":"(anonymous_0)","decl":{"start":{"line":3,"column":0},"end":{"line":3,"column":13}},"loc":{"start":{"line":3,"column":0},"end":{"line":38,"column":1}}},"1":{"name":"(anonymous_1)","decl":{"start":{"line":4,"column":23},"end":{"line":4,"column":24}},"loc":{"start":{"line":4,"column":57},"end":{"line":17,"column":3}}},"2":{"name":"(anonymous_2)","decl":{"start":{"line":19,"column":22},"end":{"line":19,"column":23}},"loc":{"start":{"line":19,"column":61},"end":{"line":37,"column":3}}}},"branchMap":{"0":{"loc":{"start":{"line":5,"column":4},"end":{"line":16,"column":null}},"type":"if","locations":[{"start":{"line":5,"column":4},"end":{"line":16,"column":null}},{"start":{"line":9,"column":11},"end":{"line":16,"column":null}}]},"1":{"loc":{"start":{"line":9,"column":11},"end":{"line":16,"column":null}},"type":"if","locations":[{"start":{"line":9,"column":11},"end":{"line":16,"column":null}},{"start":{"line":13,"column":11},"end":{"line":16,"column":null}}]},"2":{"loc":{"start":{"line":20,"column":4},"end":{"line":36,"column":null}},"type":"if","locations":[{"start":{"line":20,"column":4},"end":{"line":36,"column":null}},{"start":{"line":27,"column":11},"end":{"line":36,"column":null}}]},"3":{"loc":{"start":{"line":27,"column":11},"end":{"line":36,"column":null}},"type":"if","locations":[{"start":{"line":27,"column":11},"end":{"line":36,"column":null}},{"start":{"line":34,"column":11},"end":{"line":36,"column":null}}]}},"s":{"0":4,"1":4,"2":2,"3":1,"4":1,"5":1,"6":0,"7":4,"8":1,"9":0,"10":1,"11":1,"12":0,"13":4},"f":{"0":4,"1":2,"2":1},"b":{"0":[1,1],"1":[1,0],"2":[0,1],"3":[1,0]}}
,"C:\\Users\\yuzo\\Downloads\\tst\\a\\testes-backend-III-exercicios\\tests\\mocks\\UserDatabaseMock.ts": {"path":"C:\\Users\\yuzo\\Downloads\\tst\\a\\testes-backend-III-exercicios\\tests\\mocks\\UserDatabaseMock.ts","statementMap":{"0":{"start":{"line":1,"column":0},"end":{"line":1,"column":59}},"1":{"start":{"line":2,"column":0},"end":{"line":2,"column":63}},"2":{"start":{"line":4,"column":28},"end":{"line":21,"column":null}},"3":{"start":{"line":29,"column":4},"end":{"line":36,"column":null}},"4":{"start":{"line":30,"column":6},"end":{"line":32,"column":null}},"5":{"start":{"line":31,"column":10},"end":{"line":32,"column":44}},"6":{"start":{"line":35,"column":6},"end":{"line":35,"column":null}},"7":{"start":{"line":42,"column":4},"end":{"line":42,"column":null}},"8":{"start":{"line":42,"column":36},"end":{"line":42,"column":50}},"9":{"start":{"line":48,"column":4},"end":{"line":48,"column":null}},"10":{"start":{"line":48,"column":36},"end":{"line":48,"column":56}},"11":{"start":{"line":23,"column":0},"end":{"line":23,"column":13}},"12":{"start":{"line":24,"column":16},"end":{"line":24,"column":null}}},"fnMap":{"0":{"name":"(anonymous_7)","decl":{"start":{"line":26,"column":15},"end":{"line":26,"column":24}},"loc":{"start":{"line":27,"column":25},"end":{"line":37,"column":null}}},"1":{"name":"(anonymous_9)","decl":{"start":{"line":30,"column":30},"end":{"line":30,"column":34}},"loc":{"start":{"line":31,"column":10},"end":{"line":32,"column":44}}},"2":{"name":"(anonymous_10)","decl":{"start":{"line":39,"column":15},"end":{"line":39,"column":27}},"loc":{"start":{"line":40,"column":14},"end":{"line":43,"column":null}}},"3":{"name":"(anonymous_12)","decl":{"start":{"line":42,"column":28},"end":{"line":42,"column":32}},"loc":{"start":{"line":42,"column":36},"end":{"line":42,"column":50}}},"4":{"name":"(anonymous_13)","decl":{"start":{"line":45,"column":15},"end":{"line":45,"column":30}},"loc":{"start":{"line":46,"column":17},"end":{"line":49,"column":null}}},"5":{"name":"(anonymous_15)","decl":{"start":{"line":48,"column":28},"end":{"line":48,"column":32}},"loc":{"start":{"line":48,"column":36},"end":{"line":48,"column":56}}},"6":{"name":"(anonymous_16)","decl":{"start":{"line":51,"column":15},"end":{"line":51,"column":25}},"loc":{"start":{"line":52,"column":21},"end":{"line":55,"column":null}}}},"branchMap":{"0":{"loc":{"start":{"line":29,"column":4},"end":{"line":36,"column":null}},"type":"if","locations":[{"start":{"line":29,"column":4},"end":{"line":36,"column":null}},{"start":{"line":34,"column":11},"end":{"line":36,"column":null}}]}},"s":{"0":3,"1":3,"2":3,"3":1,"4":0,"5":0,"6":1,"7":0,"8":0,"9":1,"10":2,"11":3,"12":3},"f":{"0":1,"1":0,"2":0,"3":0,"4":1,"5":2,"6":1},"b":{"0":[0,1]}}
}
